2022/11/09 15:00:41 ConnectDB
2022/11/09 15:00:41 Init KB
2022/11/09 15:00:41 Parsing ebnf rule  Rule
2022/11/09 15:00:41 Parsing ebnf rule  Expression
2022/11/09 15:00:41 Parsing ebnf rule  Consequent
2022/11/09 15:00:41 Parsing ebnf rule  Set
2022/11/09 15:00:41 Parsing ebnf rule  Inform
2022/11/09 15:00:41 Prepare Class  Equipamento
2022/11/09 15:00:41 Prepare Class  MotorElétrico
2022/11/09 15:00:41 Parsing Prodution Rule:  for any MotorElétrico M if the Status is PowerOff then inform to the operator that 'O Motor' the Name of M 'parou!' and set the CurrentPower of M = 0.3230
2022/11/09 15:00:41 , compilation successfully!
2022/11/09 15:00:41 Linking Prodution Rule:  ObjectIdHex("636a9bf08e7ba26ef0bca4b5")
2022/11/09 15:00:41 K2 System started!
2022/11/09 15:01:23 Object not found! 
2022/11/09 15:01:41 ReLink...
2022/11/09 15:02:41 ReLink...
2022/11/09 15:03:13 Object not found! 
2022/11/09 15:03:41 ReLink...
2022/11/09 15:04:01 Scaning...
2022/11/09 15:04:41 ReLink...
2022/11/09 15:05:21 Object not found! 
2022/11/09 15:05:32 Object not found! 
2022/11/09 15:05:41 ReLink...
2022/11/09 15:06:41 ReLink...
2022/11/09 15:07:21 Scaning...
2022/11/09 15:07:21 run... 636a9bf08e7ba26ef0bca4b5
2022/11/09 15:07:21 <nil>
2022/11/09 15:07:41 ReLink...
2022/11/09 15:08:41 ReLink...
2022/11/09 15:09:41 ReLink...
